<?xml version="1.0" encoding="UTF-8"?>
<!-- Generated by org.testng.reporters.JUnitReportReporter -->
<testsuite hostname="DESKTOP-1NML8GI" failures="0" tests="2" name="SeleniumPackage.LoginTest" time="32.049" errors="0" timestamp="18 Jul 2024 04:52:09 GMT">
  <testcase classname="SeleniumPackage.LoginTest" name="invalidLoginTest" time="25.443"/>
  <testcase classname="SeleniumPackage.LoginTest" name="successfulLoginTest" time="6.606"/>
</testsuite> <!-- SeleniumPackage.LoginTest -->
