<?xml version="1.0" encoding="UTF-8"?>
<!-- Generated by org.testng.reporters.JUnitReportReporter -->
<testsuite hostname="DESKTOP-1NML8GI" failures="0" tests="2" name="SeleniumPackage.LoginTest" time="32.084" errors="0" timestamp="22 Jul 2024 00:44:54 GMT">
  <testcase classname="SeleniumPackage.LoginTest" name="invalidLoginTest" time="18.670"/>
  <testcase classname="SeleniumPackage.LoginTest" name="successfulLoginTest" time="13.414"/>
</testsuite> <!-- SeleniumPackage.LoginTest -->
