<?xml version="1.0" encoding="UTF-8"?>
<!-- Generated by org.testng.reporters.JUnitReportReporter -->
<testsuite hostname="DESKTOP-1NML8GI" failures="0" tests="2" name="SeleniumPackage.LoginTest" time="23.867" errors="0" timestamp="18 Jul 2024 00:03:04 GMT">
  <testcase classname="SeleniumPackage.LoginTest" name="invalidLoginTest" time="17.895"/>
  <testcase classname="SeleniumPackage.LoginTest" name="successfulLoginTest" time="5.972"/>
</testsuite> <!-- SeleniumPackage.LoginTest -->
